0 info it worked if it ends with ok
1 verbose cli [ '/Users/SEIYA/.nodebrew/node/v6.2.0/bin/node',
1 verbose cli   '/Users/SEIYA/.nodebrew/current/bin/npm',
1 verbose cli   'run',
1 verbose cli   'lint' ]
2 info using npm@3.8.6
3 info using node@v6.2.0
4 verbose run-script [ 'prelint', 'lint', 'postlint' ]
5 info lifecycle pomodoro@1.0.0~prelint: pomodoro@1.0.0
6 silly lifecycle pomodoro@1.0.0~prelint: no script for prelint, continuing
7 info lifecycle pomodoro@1.0.0~lint: pomodoro@1.0.0
8 verbose lifecycle pomodoro@1.0.0~lint: unsafe-perm in lifecycle true
9 verbose lifecycle pomodoro@1.0.0~lint: PATH: /Users/SEIYA/.nodebrew/node/v6.2.0/lib/node_modules/npm/bin/node-gyp-bin:/Users/SEIYA/my_apps/pomodoro/node_modules/.bin:/Users/SEIYA/.nodebrew/node/v6.2.0/bin:/Users/SEIYA/.nodebrew/current/bin:/Users/SEIYA/.nodebrew/current/bin:/Users/SEIYA/.nvm/versions/node/v0.12.13/bin:/usr/local/heroku/bin:/usr/local/var/nodebrew/current/bin:/Users/SEIYA/.rbenv/shims:/Users/SEIYA/.rbenv/shims:/Users/SEIYA/.rbenv/bin:/usr/local/bin:/Applications/Sublime Text 3.app/Contents/SharedSupport/bin:/usr/local/bin:/usr/bin:/bin:/usr/sbin:/sbin
10 verbose lifecycle pomodoro@1.0.0~lint: CWD: /Users/SEIYA/my_apps/pomodoro
11 silly lifecycle pomodoro@1.0.0~lint: Args: [ '-c', 'webpack -d --watch' ]
12 silly lifecycle pomodoro@1.0.0~lint: Returned: code: 1  signal: null
13 info lifecycle pomodoro@1.0.0~lint: Failed to exec lint script
14 verbose stack Error: pomodoro@1.0.0 lint: `webpack -d --watch`
14 verbose stack Exit status 1
14 verbose stack     at EventEmitter.<anonymous> (/Users/SEIYA/.nodebrew/node/v6.2.0/lib/node_modules/npm/lib/utils/lifecycle.js:239:16)
14 verbose stack     at emitTwo (events.js:106:13)
14 verbose stack     at EventEmitter.emit (events.js:191:7)
14 verbose stack     at ChildProcess.<anonymous> (/Users/SEIYA/.nodebrew/node/v6.2.0/lib/node_modules/npm/lib/utils/spawn.js:24:14)
14 verbose stack     at emitTwo (events.js:106:13)
14 verbose stack     at ChildProcess.emit (events.js:191:7)
14 verbose stack     at maybeClose (internal/child_process.js:850:16)
14 verbose stack     at Process.ChildProcess._handle.onexit (internal/child_process.js:215:5)
15 verbose pkgid pomodoro@1.0.0
16 verbose cwd /Users/SEIYA/my_apps/pomodoro
17 error Darwin 16.1.0
18 error argv "/Users/SEIYA/.nodebrew/node/v6.2.0/bin/node" "/Users/SEIYA/.nodebrew/current/bin/npm" "run" "lint"
19 error node v6.2.0
20 error npm  v3.8.6
21 error code ELIFECYCLE
22 error pomodoro@1.0.0 lint: `webpack -d --watch`
22 error Exit status 1
23 error Failed at the pomodoro@1.0.0 lint script 'webpack -d --watch'.
23 error Make sure you have the latest version of node.js and npm installed.
23 error If you do, this is most likely a problem with the pomodoro package,
23 error not with npm itself.
23 error Tell the author that this fails on your system:
23 error     webpack -d --watch
23 error You can get information on how to open an issue for this project with:
23 error     npm bugs pomodoro
23 error Or if that isn't available, you can get their info via:
23 error     npm owner ls pomodoro
23 error There is likely additional logging output above.
24 verbose exit [ 1, true ]
